nohup: ignoring input

> rfpez-app@0.6.0 start
> cross-env GENERATE_SOURCEMAP=false DISABLE_ESLINT_PLUGIN=true react-scripts start


[31m✘[39m webpack v5.101.3 is [31mnot yet supported[39m in the Community edition of [33mConsole Ninja[39m.
We are working hard on it for you [36mhttps://tinyurl.com/3h9mtwra[39m.

Estimated release dates:
  - Community users: [36maround 17th October, 2025 [1m(subject to team availability)[22m[39m
[33m  - PRO users[39m:       [1m[32mpriority access is available now[39m[22m

(node:9916) [DEP_WEBPACK_DEV_SERVER_ON_AFTER_SETUP_MIDDLEWARE] DeprecationWarning: 'onAfterSetupMiddleware' option is deprecated. Please use the 'setupMiddlewares' option.
(Use `node --trace-deprecation ...` to show where the warning was created)
(node:9916) [DEP_WEBPACK_DEV_SERVER_ON_BEFORE_SETUP_MIDDLEWARE] DeprecationWarning: 'onBeforeSetupMiddleware' option is deprecated. Please use the 'setupMiddlewares' option.
Starting the development server...

Compiled successfully!

You can now view rfpez-app in the browser.

  Local:            http://localhost:3000
  On Your Network:  http://192.168.86.247:3000

Note that the development build is not optimized.
To create a production build, use npm run build.

webpack compiled [1m[32msuccessfully[39m[22m
Files successfully emitted, waiting for typecheck results...
Issues checking in progress...
No issues found.
